{"name":"springTestContextPrepareTestInstance","status":"broken","statusDetails":{"known":false,"muted":false,"flaky":false,"message":"Error creating bean with name 'com.test.ImplTest3': Unsatisfied dependency expressed through field 'testPage'; nested exception is org.springframework.beans.factory.BeanCreationException: Error creating bean with name 'googlePage' defined in com.test.setup.SpringTestConfig: Bean instantiation via factory method failed; nested exception is org.springframework.beans.BeanInstantiationException: Failed to instantiate [com.test.pages.GooglePage]: Factory method 'googlePage' threw exception; nested exception is org.springframework.beans.factory.BeanCreationException: Error creating bean with name 'getWebDriverAndWebDriverWait' defined in com.test.setup.SpringTestConfig: Bean instantiation via factory method failed; nested exception is org.springframework.beans.BeanInstantiationException: Failed to instantiate [com.test.WebDriverAndWebDriverWait]: Factory method 'getWebDriverAndWebDriverWait' threw exception; nested exception is java.lang.RuntimeException: setup error","trace":"org.springframework.beans.factory.UnsatisfiedDependencyException: Error creating bean with name 'com.test.ImplTest3': Unsatisfied dependency expressed through field 'testPage'; nested exception is org.springframework.beans.factory.BeanCreationException: Error creating bean with name 'googlePage' defined in com.test.setup.SpringTestConfig: Bean instantiation via factory method failed; nested exception is org.springframework.beans.BeanInstantiationException: Failed to instantiate [com.test.pages.GooglePage]: Factory method 'googlePage' threw exception; nested exception is org.springframework.beans.factory.BeanCreationException: Error creating bean with name 'getWebDriverAndWebDriverWait' defined in com.test.setup.SpringTestConfig: Bean instantiation via factory method failed; nested exception is org.springframework.beans.BeanInstantiationException: Failed to instantiate [com.test.WebDriverAndWebDriverWait]: Factory method 'getWebDriverAndWebDriverWait' threw exception; nested exception is java.lang.RuntimeException: setup error\n\tat org.springframework.beans.factory.annotation.AutowiredAnnotationBeanPostProcessor$AutowiredFieldElement.inject(AutowiredAnnotationBeanPostProcessor.java:639)\n\tat org.springframework.beans.factory.annotation.InjectionMetadata.inject(InjectionMetadata.java:116)\n\tat org.springframework.beans.factory.annotation.AutowiredAnnotationBeanPostProcessor.postProcessProperties(AutowiredAnnotationBeanPostProcessor.java:397)\n\tat org.springframework.beans.factory.support.AbstractAutowireCapableBeanFactory.populateBean(AbstractAutowireCapableBeanFactory.java:1429)\n\tat org.springframework.beans.factory.support.AbstractAutowireCapableBeanFactory.autowireBeanProperties(AbstractAutowireCapableBeanFactory.java:393)\n\tat org.springframework.test.context.support.DependencyInjectionTestExecutionListener.injectDependencies(DependencyInjectionTestExecutionListener.java:119)\n\tat org.springframework.test.context.support.DependencyInjectionTestExecutionListener.prepareTestInstance(DependencyInjectionTestExecutionListener.java:83)\n\tat org.springframework.test.context.TestContextManager.prepareTestInstance(TestContextManager.java:244)\n\tat org.springframework.test.context.testng.AbstractTestNGSpringContextTests.springTestContextPrepareTestInstance(AbstractTestNGSpringContextTests.java:145)\n\tat java.base/jdk.internal.reflect.NativeMethodAccessorImpl.invoke0(Native Method)\n\tat java.base/jdk.internal.reflect.NativeMethodAccessorImpl.invoke(NativeMethodAccessorImpl.java:62)\n\tat java.base/jdk.internal.reflect.DelegatingMethodAccessorImpl.invoke(DelegatingMethodAccessorImpl.java:43)\n\tat java.base/java.lang.reflect.Method.invoke(Method.java:566)\n\tat org.testng.internal.MethodInvocationHelper.invokeMethod(MethodInvocationHelper.java:133)\n\tat org.testng.internal.MethodInvocationHelper.invokeMethodConsideringTimeout(MethodInvocationHelper.java:62)\n\tat org.testng.internal.ConfigInvoker.invokeConfigurationMethod(ConfigInvoker.java:340)\n\tat org.testng.internal.ConfigInvoker.invokeConfigurations(ConfigInvoker.java:294)\n\tat org.testng.internal.TestMethodWorker.invokeBeforeClassMethods(TestMethodWorker.java:176)\n\tat org.testng.internal.TestMethodWorker.run(TestMethodWorker.java:122)\n\tat java.base/java.util.ArrayList.forEach(ArrayList.java:1540)\n\tat org.testng.TestRunner.privateRun(TestRunner.java:770)\n\tat org.testng.TestRunner.run(TestRunner.java:591)\n\tat org.testng.SuiteRunner.runTest(SuiteRunner.java:402)\n\tat org.testng.SuiteRunner.runSequentially(SuiteRunner.java:396)\n\tat org.testng.SuiteRunner.privateRun(SuiteRunner.java:355)\n\tat org.testng.SuiteRunner.run(SuiteRunner.java:304)\n\tat org.testng.SuiteRunnerWorker.runSuite(SuiteRunnerWorker.java:53)\n\tat org.testng.SuiteRunnerWorker.run(SuiteRunnerWorker.java:96)\n\tat org.testng.TestNG.runSuitesSequentially(TestNG.java:1180)\n\tat org.testng.TestNG.runSuitesLocally(TestNG.java:1102)\n\tat org.testng.TestNG.runSuites(TestNG.java:1032)\n\tat org.testng.TestNG.run(TestNG.java:1000)\n\tat org.testng.IDEARemoteTestNG.run(IDEARemoteTestNG.java:72)\n\tat org.testng.RemoteTestNGStarter.main(RemoteTestNGStarter.java:123)\n\tat java.base/jdk.internal.reflect.NativeMethodAccessorImpl.invoke0(Native Method)\n\tat java.base/jdk.internal.reflect.NativeMethodAccessorImpl.invoke(NativeMethodAccessorImpl.java:62)\n\tat java.base/jdk.internal.reflect.DelegatingMethodAccessorImpl.invoke(DelegatingMethodAccessorImpl.java:43)\n\tat java.base/java.lang.reflect.Method.invoke(Method.java:566)\n\tat com.intellij.rt.execution.application.AppMainV2.main(AppMainV2.java:131)\nCaused by: org.springframework.beans.factory.BeanCreationException: Error creating bean with name 'googlePage' defined in com.test.setup.SpringTestConfig: Bean instantiation via factory method failed; nested exception is org.springframework.beans.BeanInstantiationException: Failed to instantiate [com.test.pages.GooglePage]: Factory method 'googlePage' threw exception; nested exception is org.springframework.beans.factory.BeanCreationException: Error creating bean with name 'getWebDriverAndWebDriverWait' defined in com.test.setup.SpringTestConfig: Bean instantiation via factory method failed; nested exception is org.springframework.beans.BeanInstantiationException: Failed to instantiate [com.test.WebDriverAndWebDriverWait]: Factory method 'getWebDriverAndWebDriverWait' threw exception; nested exception is java.lang.RuntimeException: setup error\n\tat org.springframework.beans.factory.support.ConstructorResolver.instantiate(ConstructorResolver.java:645)\n\tat org.springframework.beans.factory.support.ConstructorResolver.instantiateUsingFactoryMethod(ConstructorResolver.java:475)\n\tat org.springframework.beans.factory.support.AbstractAutowireCapableBeanFactory.instantiateUsingFactoryMethod(AbstractAutowireCapableBeanFactory.java:1338)\n\tat org.springframework.beans.factory.support.AbstractAutowireCapableBeanFactory.createBeanInstance(AbstractAutowireCapableBeanFactory.java:1177)\n\tat org.springframework.beans.factory.support.AbstractAutowireCapableBeanFactory.doCreateBean(AbstractAutowireCapableBeanFactory.java:557)\n\tat org.springframework.beans.factory.support.AbstractAutowireCapableBeanFactory.createBean(AbstractAutowireCapableBeanFactory.java:517)\n\tat org.springframework.beans.factory.support.AbstractBeanFactory.doGetBean(AbstractBeanFactory.java:341)\n\tat org.springframework.beans.factory.support.AbstractBeanFactory.getBean(AbstractBeanFactory.java:202)\n\tat org.springframework.beans.factory.config.DependencyDescriptor.resolveCandidate(DependencyDescriptor.java:276)\n\tat org.springframework.beans.factory.support.DefaultListableBeanFactory.doResolveDependency(DefaultListableBeanFactory.java:1287)\n\tat org.springframework.beans.factory.support.DefaultListableBeanFactory.resolveDependency(DefaultListableBeanFactory.java:1207)\n\tat org.springframework.beans.factory.annotation.AutowiredAnnotationBeanPostProcessor$AutowiredFieldElement.inject(AutowiredAnnotationBeanPostProcessor.java:636)\n\t... 38 more\nCaused by: org.springframework.beans.BeanInstantiationException: Failed to instantiate [com.test.pages.GooglePage]: Factory method 'googlePage' threw exception; nested exception is org.springframework.beans.factory.BeanCreationException: Error creating bean with name 'getWebDriverAndWebDriverWait' defined in com.test.setup.SpringTestConfig: Bean instantiation via factory method failed; nested exception is org.springframework.beans.BeanInstantiationException: Failed to instantiate [com.test.WebDriverAndWebDriverWait]: Factory method 'getWebDriverAndWebDriverWait' threw exception; nested exception is java.lang.RuntimeException: setup error\n\tat org.springframework.beans.factory.support.SimpleInstantiationStrategy.instantiate(SimpleInstantiationStrategy.java:185)\n\tat org.springframework.beans.factory.support.ConstructorResolver.instantiate(ConstructorResolver.java:640)\n\t... 49 more\nCaused by: org.springframework.beans.factory.BeanCreationException: Error creating bean with name 'getWebDriverAndWebDriverWait' defined in com.test.setup.SpringTestConfig: Bean instantiation via factory method failed; nested exception is org.springframework.beans.BeanInstantiationException: Failed to instantiate [com.test.WebDriverAndWebDriverWait]: Factory method 'getWebDriverAndWebDriverWait' threw exception; nested exception is java.lang.RuntimeException: setup error\n\tat org.springframework.beans.factory.support.ConstructorResolver.instantiate(ConstructorResolver.java:645)\n\tat org.springframework.beans.factory.support.ConstructorResolver.instantiateUsingFactoryMethod(ConstructorResolver.java:475)\n\tat org.springframework.beans.factory.support.AbstractAutowireCapableBeanFactory.instantiateUsingFactoryMethod(AbstractAutowireCapableBeanFactory.java:1338)\n\tat org.springframework.beans.factory.support.AbstractAutowireCapableBeanFactory.createBeanInstance(AbstractAutowireCapableBeanFactory.java:1177)\n\tat org.springframework.beans.factory.support.AbstractAutowireCapableBeanFactory.doCreateBean(AbstractAutowireCapableBeanFactory.java:557)\n\tat org.springframework.beans.factory.support.AbstractAutowireCapableBeanFactory.createBean(AbstractAutowireCapableBeanFactory.java:517)\n\tat org.springframework.beans.factory.support.AbstractBeanFactory.doGetBean(AbstractBeanFactory.java:341)\n\tat org.springframework.beans.factory.support.AbstractBeanFactory.getBean(AbstractBeanFactory.java:202)\n\tat org.springframework.context.annotation.ConfigurationClassEnhancer$BeanMethodInterceptor.resolveBeanReference(ConfigurationClassEnhancer.java:394)\n\tat org.springframework.context.annotation.ConfigurationClassEnhancer$BeanMethodInterceptor.intercept(ConfigurationClassEnhancer.java:366)\n\tat com.test.setup.SpringTestConfig$$EnhancerBySpringCGLIB$$15e89eeb.getWebDriverAndWebDriverWait(<generated>)\n\tat com.test.setup.SpringTestConfig.googlePage(SpringTestConfig.java:29)\n\tat com.test.setup.SpringTestConfig$$EnhancerBySpringCGLIB$$15e89eeb.CGLIB$googlePage$1(<generated>)\n\tat com.test.setup.SpringTestConfig$$EnhancerBySpringCGLIB$$15e89eeb$$FastClassBySpringCGLIB$$d59e3198.invoke(<generated>)\n\tat org.springframework.cglib.proxy.MethodProxy.invokeSuper(MethodProxy.java:244)\n\tat org.springframework.context.annotation.ConfigurationClassEnhancer$BeanMethodInterceptor.intercept(ConfigurationClassEnhancer.java:363)\n\tat com.test.setup.SpringTestConfig$$EnhancerBySpringCGLIB$$15e89eeb.googlePage(<generated>)\n\tat java.base/jdk.internal.reflect.NativeMethodAccessorImpl.invoke0(Native Method)\n\tat java.base/jdk.internal.reflect.NativeMethodAccessorImpl.invoke(NativeMethodAccessorImpl.java:62)\n\tat java.base/jdk.internal.reflect.DelegatingMethodAccessorImpl.invoke(DelegatingMethodAccessorImpl.java:43)\n\tat java.base/java.lang.reflect.Method.invoke(Method.java:566)\n\tat org.springframework.beans.factory.support.SimpleInstantiationStrategy.instantiate(SimpleInstantiationStrategy.java:154)\n\t... 50 more\nCaused by: org.springframework.beans.BeanInstantiationException: Failed to instantiate [com.test.WebDriverAndWebDriverWait]: Factory method 'getWebDriverAndWebDriverWait' threw exception; nested exception is java.lang.RuntimeException: setup error\n\tat org.springframework.beans.factory.support.SimpleInstantiationStrategy.instantiate(SimpleInstantiationStrategy.java:185)\n\tat org.springframework.beans.factory.support.ConstructorResolver.instantiate(ConstructorResolver.java:640)\n\t... 71 more\nCaused by: java.lang.RuntimeException: setup error\n\tat com.test.WebDriverAndWebDriverWait.<init>(WebDriverAndWebDriverWait.java:43)\n\tat com.test.setup.SpringTestConfig.getWebDriverAndWebDriverWait(SpringTestConfig.java:23)\n\tat com.test.setup.SpringTestConfig$$EnhancerBySpringCGLIB$$15e89eeb.CGLIB$getWebDriverAndWebDriverWait$0(<generated>)\n\tat com.test.setup.SpringTestConfig$$EnhancerBySpringCGLIB$$15e89eeb$$FastClassBySpringCGLIB$$d59e3198.invoke(<generated>)\n\tat org.springframework.cglib.proxy.MethodProxy.invokeSuper(MethodProxy.java:244)\n\tat org.springframework.context.annotation.ConfigurationClassEnhancer$BeanMethodInterceptor.intercept(ConfigurationClassEnhancer.java:363)\n\tat com.test.setup.SpringTestConfig$$EnhancerBySpringCGLIB$$15e89eeb.getWebDriverAndWebDriverWait(<generated>)\n\tat java.base/jdk.internal.reflect.NativeMethodAccessorImpl.invoke0(Native Method)\n\tat java.base/jdk.internal.reflect.NativeMethodAccessorImpl.invoke(NativeMethodAccessorImpl.java:62)\n\tat java.base/jdk.internal.reflect.DelegatingMethodAccessorImpl.invoke(DelegatingMethodAccessorImpl.java:43)\n\tat java.base/java.lang.reflect.Method.invoke(Method.java:566)\n\tat org.springframework.beans.factory.support.SimpleInstantiationStrategy.instantiate(SimpleInstantiationStrategy.java:154)\n\t... 72 more\n"},"stage":"finished","steps":[],"attachments":[],"parameters":[],"start":1570878732896,"stop":1570878732898,"uuid":"b6dabb32-2526-41c7-aad2-b8e1fac94a8f","historyId":"3f578423f5d48c0ef57b7438160f64cf","fullName":"org.springframework.test.context.testng.AbstractTestNGSpringContextTests.springTestContextPrepareTestInstance","labels":[{"name":"package","value":"com.test.ImplTest3"},{"name":"testClass","value":"com.test.ImplTest3"},{"name":"testMethod","value":"springTestContextPrepareTestInstance"},{"name":"parentSuite","value":"Default Suite"},{"name":"suite","value":"testng-docker"},{"name":"subSuite","value":"com.test.ImplTest3"},{"name":"host","value":"olegs-macbook-pro.home"},{"name":"thread","value":"996@olegs-macbook-pro.home.main(1)"},{"name":"framework","value":"testng"},{"name":"language","value":"java"}],"links":[]}